# JRE version: OpenJDK Runtime Environment Temurin-21.0.10+7 (21.0.10+7) (build 21.0.10+7-LTS)
# Java VM: OpenJDK 64-Bit Server VM Temurin-21.0.10+7 (21.0.10+7-LTS, mixed mode, sharing, tiered, compressed oops, compressed class ptrs, parallel gc, windows-amd64)
GC Precious Log:
 CardTable entry size: 512
 CPUs: 12 total, 12 available
 Memory: 7518M
 Large Page Support: Disabled
 NUMA Support: Disabled
 Compressed Oops: Enabled (32-bit)
 Alignments: Space 512K, Generation 512K, Heap 2M
 Heap Min Capacity: 100M
 Heap Initial Capacity: 100M
 Heap Max Capacity: 2G
 Pre-touch: Disabled
 Parallel Workers: 10
Heap:
 PSYoungGen      total 5120K, used 3015K [0x00000000d5580000, 0x00000000d6000000, 0x0000000100000000)
  eden space 4608K, 55% used [0x00000000d5580000,0x00000000d57f9dd8,0x00000000d5a00000)
  from space 512K, 93% used [0x00000000d5f80000,0x00000000d5ff8040,0x00000000d6000000)
  to   space 1024K, 0% used [0x00000000d5e00000,0x00000000d5e00000,0x00000000d5f00000)
 ParOldGen       total 574976K, used 408737K [0x0000000080000000, 0x00000000a3180000, 0x00000000d5580000)
  object space 574976K, 71% used [0x0000000080000000,0x0000000098f28528,0x00000000a3180000)
 Metaspace       used 95544K, committed 97408K, reserved 1179648K
  class space    used 11041K, committed 11904K, reserved 1048576K
GC Heap History (20 events):
Event: 126014.597 GC heap before
{Heap before GC invocations=727 (full 4):
 PSYoungGen      total 11264K, used 10614K [0x00000000d5580000, 0x00000000d6800000, 0x0000000100000000)
  eden space 7168K, 97% used [0x00000000d5580000,0x00000000d5c59410,0x00000000d5c80000)
  from space 4096K, 87% used [0x00000000d6400000,0x00000000d6784770,0x00000000d6800000)
  to   space 5120K, 0% used [0x00000000d5e00000,0x00000000d5e00000,0x00000000d6300000)
 ParOldGen       total 574976K, used 394862K [0x0000000080000000, 0x00000000a3180000, 0x00000000d5580000)
  object space 574976K, 68% used [0x0000000080000000,0x000000009819b828,0x00000000a3180000)
 Metaspace       used 95476K, committed 97408K, reserved 1179648K
  class space    used 11040K, committed 11904K, reserved 1048576K
}
Event: 126014.600 GC heap after
{Heap after GC invocations=727 (full 4):
 PSYoungGen      total 7680K, used 192K [0x00000000d5580000, 0x00000000d6480000, 0x0000000100000000)
  eden space 7168K, 0% used [0x00000000d5580000,0x00000000d5580000,0x00000000d5c80000)
  from space 512K, 37% used [0x00000000d5e00000,0x00000000d5e30000,0x00000000d5e80000)
  to   space 2048K, 0% used [0x00000000d6280000,0x00000000d6280000,0x00000000d6480000)
 ParOldGen       total 574976K, used 395486K [0x0000000080000000, 0x00000000a3180000, 0x00000000d5580000)
  object space 574976K, 68% used [0x0000000080000000,0x0000000098237828,0x00000000a3180000)
 Metaspace       used 95476K, committed 97408K, reserved 1179648K
  class space    used 11040K, committed 11904K, reserved 1048576K
}
Event: 126014.613 GC heap before
{Heap before GC invocations=728 (full 4):
 PSYoungGen      total 7680K, used 7360K [0x00000000d5580000, 0x00000000d6480000, 0x0000000100000000)
  eden space 7168K, 100% used [0x00000000d5580000,0x00000000d5c80000,0x00000000d5c80000)
  from space 512K, 37% used [0x00000000d5e00000,0x00000000d5e30000,0x00000000d5e80000)
  to   space 2048K, 0% used [0x00000000d6280000,0x00000000d6280000,0x00000000d6480000)
 ParOldGen       total 574976K, used 395486K [0x0000000080000000, 0x00000000a3180000, 0x00000000d5580000)
  object space 574976K, 68% used [0x0000000080000000,0x0000000098237828,0x00000000a3180000)
 Metaspace       used 95476K, committed 97408K, reserved 1179648K
  class space    used 11040K, committed 11904K, reserved 1048576K
}
Event: 126014.629 GC heap after
{Heap after GC invocations=728 (full 4):
 PSYoungGen      total 6656K, used 2027K [0x00000000d5580000, 0x00000000d6f00000, 0x0000000100000000)
  eden space 4608K, 0% used [0x00000000d5580000,0x00000000d5580000,0x00000000d5a00000)
  from space 2048K, 99% used [0x00000000d6280000,0x00000000d647ae50,0x00000000d6480000)
  to   space 8704K, 0% used [0x00000000d5a00000,0x00000000d5a00000,0x00000000d6280000)
 ParOldGen       total 574976K, used 400678K [0x0000000080000000, 0x00000000a3180000, 0x00000000d5580000)
  object space 574976K, 69% used [0x0000000080000000,0x0000000098749828,0x00000000a3180000)
 Metaspace       used 95476K, committed 97408K, reserved 1179648K
  class space    used 11040K, committed 11904K, reserved 1048576K
}
Event: 126014.638 GC heap before
{Heap before GC invocations=729 (full 4):
 PSYoungGen      total 6656K, used 6635K [0x00000000d5580000, 0x00000000d6f00000, 0x0000000100000000)
  eden space 4608K, 100% used [0x00000000d5580000,0x00000000d5a00000,0x00000000d5a00000)
  from space 2048K, 99% used [0x00000000d6280000,0x00000000d647ae50,0x00000000d6480000)
  to   space 8704K, 0% used [0x00000000d5a00000,0x00000000d5a00000,0x00000000d6280000)
 ParOldGen       total 574976K, used 400678K [0x0000000080000000, 0x00000000a3180000, 0x00000000d5580000)
  object space 574976K, 69% used [0x0000000080000000,0x0000000098749828,0x00000000a3180000)
 Metaspace       used 95476K, committed 97408K, reserved 1179648K
  class space    used 11040K, committed 11904K, reserved 1048576K
}
Event: 126014.643 GC heap after
{Heap after GC invocations=729 (full 4):
 PSYoungGen      total 9728K, used 4736K [0x00000000d5580000, 0x00000000d6600000, 0x0000000100000000)
  eden space 4608K, 0% used [0x00000000d5580000,0x00000000d5580000,0x00000000d5a00000)
  from space 5120K, 92% used [0x00000000d5a00000,0x00000000d5ea0000,0x00000000d5f00000)
  to   space 5632K, 0% used [0x00000000d6080000,0x00000000d6080000,0x00000000d6600000)
 ParOldGen       total 574976K, used 402745K [0x0000000080000000, 0x00000000a3180000, 0x00000000d5580000)
  object space 574976K, 70% used [0x0000000080000000,0x000000009894e678,0x00000000a3180000)
 Metaspace       used 95476K, committed 97408K, reserved 1179648K
  class space    used 11040K, committed 11904K, reserved 1048576K
}
Event: 126023.609 GC heap before
{Heap before GC invocations=730 (full 4):
 PSYoungGen      total 9728K, used 9344K [0x00000000d5580000, 0x00000000d6600000, 0x0000000100000000)
  eden space 4608K, 100% used [0x00000000d5580000,0x00000000d5a00000,0x00000000d5a00000)
  from space 5120K, 92% used [0x00000000d5a00000,0x00000000d5ea0000,0x00000000d5f00000)
  to   space 5632K, 0% used [0x00000000d6080000,0x00000000d6080000,0x00000000d6600000)
 ParOldGen       total 574976K, used 402745K [0x0000000080000000, 0x00000000a3180000, 0x00000000d5580000)
  object space 574976K, 70% used [0x0000000080000000,0x000000009894e678,0x00000000a3180000)
 Metaspace       used 95506K, committed 97408K, reserved 1179648K
  class space    used 11040K, committed 11904K, reserved 1048576K
}
Event: 126023.624 GC heap after
{Heap after GC invocations=730 (full 4):
 PSYoungGen      total 5632K, used 576K [0x00000000d5580000, 0x00000000d6180000, 0x0000000100000000)
  eden space 4608K, 0% used [0x00000000d5580000,0x00000000d5580000,0x00000000d5a00000)
  from space 1024K, 56% used [0x00000000d6080000,0x00000000d6110000,0x00000000d6180000)
  to   space 2560K, 0% used [0x00000000d5c80000,0x00000000d5c80000,0x00000000d5f00000)
 ParOldGen       total 574976K, used 407377K [0x0000000080000000, 0x00000000a3180000, 0x00000000d5580000)
  object space 574976K, 70% used [0x0000000080000000,0x0000000098dd4678,0x00000000a3180000)
 Metaspace       used 95506K, committed 97408K, reserved 1179648K
  class space    used 11040K, committed 11904K, reserved 1048576K
}
Event: 126024.382 GC heap before
{Heap before GC invocations=731 (full 4):
 PSYoungGen      total 5632K, used 5184K [0x00000000d5580000, 0x00000000d6180000, 0x0000000100000000)
  eden space 4608K, 100% used [0x00000000d5580000,0x00000000d5a00000,0x00000000d5a00000)
  from space 1024K, 56% used [0x00000000d6080000,0x00000000d6110000,0x00000000d6180000)
  to   space 2560K, 0% used [0x00000000d5c80000,0x00000000d5c80000,0x00000000d5f00000)
 ParOldGen       total 574976K, used 407377K [0x0000000080000000, 0x00000000a3180000, 0x00000000d5580000)
  object space 574976K, 70% used [0x0000000080000000,0x0000000098dd4678,0x00000000a3180000)
 Metaspace       used 95513K, committed 97408K, reserved 1179648K
  class space    used 11041K, committed 11904K, reserved 1048576K
}
Event: 126024.386 GC heap after
{Heap after GC invocations=731 (full 4):
 PSYoungGen      total 7168K, used 880K [0x00000000d5580000, 0x00000000d6100000, 0x0000000100000000)
  eden space 4608K, 0% used [0x00000000d5580000,0x00000000d5580000,0x00000000d5a00000)
  from space 2560K, 34% used [0x00000000d5c80000,0x00000000d5d5c010,0x00000000d5f00000)
  to   space 1536K, 0% used [0x00000000d5f80000,0x00000000d5f80000,0x00000000d6100000)
 ParOldGen       total 574976K, used 407809K [0x0000000080000000, 0x00000000a3180000, 0x00000000d5580000)
  object space 574976K, 70% used [0x0000000080000000,0x0000000098e405f8,0x00000000a3180000)
 Metaspace       used 95513K, committed 97408K, reserved 1179648K
  class space    used 11041K, committed 11904K, reserved 1048576K
}
Event: 126049.920 GC heap before
{Heap before GC invocations=732 (full 4):
 PSYoungGen      total 7168K, used 5487K [0x00000000d5580000, 0x00000000d6100000, 0x0000000100000000)
  eden space 4608K, 99% used [0x00000000d5580000,0x00000000d59fffd8,0x00000000d5a00000)
  from space 2560K, 34% used [0x00000000d5c80000,0x00000000d5d5c010,0x00000000d5f00000)
  to   space 1536K, 0% used [0x00000000d5f80000,0x00000000d5f80000,0x00000000d6100000)
 ParOldGen       total 574976K, used 407809K [0x0000000080000000, 0x00000000a3180000, 0x00000000d5580000)
  object space 574976K, 70% used [0x0000000080000000,0x0000000098e405f8,0x00000000a3180000)
 Metaspace       used 95518K, committed 97408K, reserved 1179648K
  class space    used 11041K, committed 11904K, reserved 1048576K
}
Event: 126050.050 GC heap after
{Heap after GC invocations=732 (full 4):
 PSYoungGen      total 5120K, used 256K [0x00000000d5580000, 0x00000000d6000000, 0x0000000100000000)
  eden space 4608K, 0% used [0x00000000d5580000,0x00000000d5580000,0x00000000d5a00000)
  from space 512K, 50% used [0x00000000d5f80000,0x00000000d5fc0000,0x00000000d6000000)
  to   space 512K, 0% used [0x00000000d5f00000,0x00000000d5f00000,0x00000000d5f80000)
 ParOldGen       total 574976K, used 408449K [0x0000000080000000, 0x00000000a3180000, 0x00000000d5580000)
  object space 574976K, 71% used [0x0000000080000000,0x0000000098ee0598,0x00000000a3180000)
 Metaspace       used 95518K, committed 97408K, reserved 1179648K
  class space    used 11041K, committed 11904K, reserved 1048576K
}
Event: 126050.144 GC heap before
{Heap before GC invocations=733 (full 4):
 PSYoungGen      total 5120K, used 4864K [0x00000000d5580000, 0x00000000d6000000, 0x0000000100000000)
  eden space 4608K, 100% used [0x00000000d5580000,0x00000000d5a00000,0x00000000d5a00000)
  from space 512K, 50% used [0x00000000d5f80000,0x00000000d5fc0000,0x00000000d6000000)
  to   space 512K, 0% used [0x00000000d5f00000,0x00000000d5f00000,0x00000000d5f80000)
 ParOldGen       total 574976K, used 408449K [0x0000000080000000, 0x00000000a3180000, 0x00000000d5580000)
  object space 574976K, 71% used [0x0000000080000000,0x0000000098ee0598,0x00000000a3180000)
 Metaspace       used 95518K, committed 97408K, reserved 1179648K
  class space    used 11041K, committed 11904K, reserved 1048576K
}
Event: 126050.146 GC heap after
{Heap after GC invocations=733 (full 4):
 PSYoungGen      total 5120K, used 224K [0x00000000d5580000, 0x00000000d6000000, 0x0000000100000000)
  eden space 4608K, 0% used [0x00000000d5580000,0x00000000d5580000,0x00000000d5a00000)
  from space 512K, 43% used [0x00000000d5f00000,0x00000000d5f38000,0x00000000d5f80000)
  to   space 512K, 0% used [0x00000000d5f80000,0x00000000d5f80000,0x00000000d6000000)
 ParOldGen       total 574976K, used 408521K [0x0000000080000000, 0x00000000a3180000, 0x00000000d5580000)
  object space 574976K, 71% used [0x0000000080000000,0x0000000098ef2598,0x00000000a3180000)
 Metaspace       used 95518K, committed 97408K, reserved 1179648K
  class space    used 11041K, committed 11904K, reserved 1048576K
}
Event: 126050.232 GC heap before
{Heap before GC invocations=734 (full 4):
 PSYoungGen      total 5120K, used 4832K [0x00000000d5580000, 0x00000000d6000000, 0x0000000100000000)
  eden space 4608K, 100% used [0x00000000d5580000,0x00000000d5a00000,0x00000000d5a00000)
  from space 512K, 43% used [0x00000000d5f00000,0x00000000d5f38000,0x00000000d5f80000)
  to   space 512K, 0% used [0x00000000d5f80000,0x00000000d5f80000,0x00000000d6000000)
 ParOldGen       total 574976K, used 408521K [0x0000000080000000, 0x00000000a3180000, 0x00000000d5580000)
  object space 574976K, 71% used [0x0000000080000000,0x0000000098ef2598,0x00000000a3180000)
 Metaspace       used 95518K, committed 97408K, reserved 1179648K
  class space    used 11041K, committed 11904K, reserved 1048576K
}
Event: 126050.234 GC heap after
{Heap after GC invocations=734 (full 4):
 PSYoungGen      total 5120K, used 160K [0x00000000d5580000, 0x00000000d6000000, 0x0000000100000000)
  eden space 4608K, 0% used [0x00000000d5580000,0x00000000d5580000,0x00000000d5a00000)
  from space 512K, 31% used [0x00000000d5f80000,0x00000000d5fa8000,0x00000000d6000000)
  to   space 512K, 0% used [0x00000000d5f00000,0x00000000d5f00000,0x00000000d5f80000)
 ParOldGen       total 574976K, used 408585K [0x0000000080000000, 0x00000000a3180000, 0x00000000d5580000)
  object space 574976K, 71% used [0x0000000080000000,0x0000000098f02598,0x00000000a3180000)
 Metaspace       used 95518K, committed 97408K, reserved 1179648K
  class space    used 11041K, committed 11904K, reserved 1048576K
}
Event: 126126.663 GC heap before
{Heap before GC invocations=735 (full 4):
 PSYoungGen      total 5120K, used 4767K [0x00000000d5580000, 0x00000000d6000000, 0x0000000100000000)
  eden space 4608K, 99% used [0x00000000d5580000,0x00000000d59ffc08,0x00000000d5a00000)
  from space 512K, 31% used [0x00000000d5f80000,0x00000000d5fa8000,0x00000000d6000000)
  to   space 512K, 0% used [0x00000000d5f00000,0x00000000d5f00000,0x00000000d5f80000)
 ParOldGen       total 574976K, used 408585K [0x0000000080000000, 0x00000000a3180000, 0x00000000d5580000)
  object space 574976K, 71% used [0x0000000080000000,0x0000000098f02598,0x00000000a3180000)
 Metaspace       used 95535K, committed 97408K, reserved 1179648K
  class space    used 11041K, committed 11904K, reserved 1048576K
}
Event: 126126.784 GC heap after
{Heap after GC invocations=735 (full 4):
 PSYoungGen      total 5120K, used 256K [0x00000000d5580000, 0x00000000d6000000, 0x0000000100000000)
  eden space 4608K, 0% used [0x00000000d5580000,0x00000000d5580000,0x00000000d5a00000)
  from space 512K, 50% used [0x00000000d5f00000,0x00000000d5f40000,0x00000000d5f80000)
  to   space 512K, 0% used [0x00000000d5f80000,0x00000000d5f80000,0x00000000d6000000)
 ParOldGen       total 574976K, used 408601K [0x0000000080000000, 0x00000000a3180000, 0x00000000d5580000)
  object space 574976K, 71% used [0x0000000080000000,0x0000000098f06598,0x00000000a3180000)
 Metaspace       used 95535K, committed 97408K, reserved 1179648K
  class space    used 11041K, committed 11904K, reserved 1048576K
}
Event: 127408.570 GC heap before
{Heap before GC invocations=736 (full 4):
 PSYoungGen      total 5120K, used 4863K [0x00000000d5580000, 0x00000000d6000000, 0x0000000100000000)
  eden space 4608K, 99% used [0x00000000d5580000,0x00000000d59ffff8,0x00000000d5a00000)
  from space 512K, 50% used [0x00000000d5f00000,0x00000000d5f40000,0x00000000d5f80000)
  to   space 512K, 0% used [0x00000000d5f80000,0x00000000d5f80000,0x00000000d6000000)
 ParOldGen       total 574976K, used 408601K [0x0000000080000000, 0x00000000a3180000, 0x00000000d5580000)
  object space 574976K, 71% used [0x0000000080000000,0x0000000098f06598,0x00000000a3180000)
 Metaspace       used 95543K, committed 97408K, reserved 1179648K
  class space    used 11041K, committed 11904K, reserved 1048576K
}
Event: 127408.760 GC heap after
{Heap after GC invocations=736 (full 4):
 PSYoungGen      total 5120K, used 480K [0x00000000d5580000, 0x00000000d6000000, 0x0000000100000000)
  eden space 4608K, 0% used [0x00000000d5580000,0x00000000d5580000,0x00000000d5a00000)
  from space 512K, 93% used [0x00000000d5f80000,0x00000000d5ff8040,0x00000000d6000000)
  to   space 1024K, 0% used [0x00000000d5e00000,0x00000000d5e00000,0x00000000d5f00000)
 ParOldGen       total 574976K, used 408737K [0x0000000080000000, 0x00000000a3180000, 0x00000000d5580000)
  object space 574976K, 71% used [0x0000000080000000,0x0000000098f28528,0x00000000a3180000)
 Metaspace       used 95543K, committed 97408K, reserved 1179648K
  class space    used 11041K, committed 11904K, reserved 1048576K
}

