# JRE version: OpenJDK Runtime Environment Temurin-21.0.10+7 (21.0.10+7) (build 21.0.10+7-LTS)
# Java VM: OpenJDK 64-Bit Server VM Temurin-21.0.10+7 (21.0.10+7-LTS, mixed mode, sharing, tiered, compressed oops, compressed class ptrs, g1 gc, windows-amd64)
GC Precious Log:
 CardTable entry size: 512
 Card Set container configuration: InlinePtr #cards 5 size 8 Array Of Cards #cards 12 size 40 Howl #buckets 4 coarsen threshold 1843 Howl Bitmap #cards 512 size 80 coarsen threshold 460 Card regions per heap region 1 cards per card region 2048
 CPUs: 12 total, 12 available
 Memory: 7518M
 Large Page Support: Disabled
 NUMA Support: Disabled
 Compressed Oops: Enabled (32-bit)
 Heap Region Size: 1M
 Heap Min Capacity: 256M
 Heap Initial Capacity: 256M
 Heap Max Capacity: 512M
 Pre-touch: Disabled
 Parallel Workers: 10
 Concurrent Workers: 3
 Concurrent Refinement Workers: 10
 Periodic GC: Disabled
Heap:
 garbage-first heap   total 262144K, used 110723K [0x00000000e0000000, 0x0000000100000000)
  region size 1024K, 53 young (54272K), 15 survivors (15360K)
 Metaspace       used 71569K, committed 73536K, reserved 393216K
  class space    used 10273K, committed 11264K, reserved 327680K
GC Heap History (20 events):
Event: 0.872 GC heap before
{Heap before GC invocations=1 (full 0):
 garbage-first heap   total 262144K, used 41494K [0x00000000e0000000, 0x0000000100000000)
  region size 1024K, 35 young (35840K), 3 survivors (3072K)
 Metaspace       used 4348K, committed 4544K, reserved 393216K
  class space    used 550K, committed 640K, reserved 327680K
}
Event: 0.875 GC heap after
{Heap after GC invocations=2 (full 0):
 garbage-first heap   total 262144K, used 12134K [0x00000000e0000000, 0x0000000100000000)
  region size 1024K, 4 young (4096K), 4 survivors (4096K)
 Metaspace       used 4348K, committed 4544K, reserved 393216K
  class space    used 550K, committed 640K, reserved 327680K
}
Event: 1.380 GC heap before
{Heap before GC invocations=2 (full 0):
 garbage-first heap   total 262144K, used 61286K [0x00000000e0000000, 0x0000000100000000)
  region size 1024K, 50 young (51200K), 4 survivors (4096K)
 Metaspace       used 6579K, committed 6848K, reserved 393216K
  class space    used 880K, committed 1024K, reserved 327680K
}
Event: 1.385 GC heap after
{Heap after GC invocations=3 (full 0):
 garbage-first heap   total 262144K, used 18933K [0x00000000e0000000, 0x0000000100000000)
  region size 1024K, 7 young (7168K), 7 survivors (7168K)
 Metaspace       used 6579K, committed 6848K, reserved 393216K
  class space    used 880K, committed 1024K, reserved 327680K
}
Event: 2.759 GC heap before
{Heap before GC invocations=3 (full 0):
 garbage-first heap   total 262144K, used 103925K [0x00000000e0000000, 0x0000000100000000)
  region size 1024K, 91 young (93184K), 7 survivors (7168K)
 Metaspace       used 20812K, committed 21504K, reserved 393216K
  class space    used 3066K, committed 3392K, reserved 327680K
}
Event: 2.766 GC heap after
{Heap after GC invocations=4 (full 0):
 garbage-first heap   total 262144K, used 25370K [0x00000000e0000000, 0x0000000100000000)
  region size 1024K, 14 young (14336K), 14 survivors (14336K)
 Metaspace       used 20812K, committed 21504K, reserved 393216K
  class space    used 3066K, committed 3392K, reserved 327680K
}
Event: 4.327 GC heap before
{Heap before GC invocations=5 (full 0):
 garbage-first heap   total 262144K, used 133914K [0x00000000e0000000, 0x0000000100000000)
  region size 1024K, 122 young (124928K), 14 survivors (14336K)
 Metaspace       used 34744K, committed 35968K, reserved 393216K
  class space    used 5050K, committed 5632K, reserved 327680K
}
Event: 4.339 GC heap after
{Heap after GC invocations=6 (full 0):
 garbage-first heap   total 262144K, used 33613K [0x00000000e0000000, 0x0000000100000000)
  region size 1024K, 15 young (15360K), 15 survivors (15360K)
 Metaspace       used 34744K, committed 35968K, reserved 393216K
  class space    used 5050K, committed 5632K, reserved 327680K
}
Event: 4.379 GC heap before
{Heap before GC invocations=6 (full 0):
 garbage-first heap   total 262144K, used 34637K [0x00000000e0000000, 0x0000000100000000)
  region size 1024K, 17 young (17408K), 15 survivors (15360K)
 Metaspace       used 35106K, committed 36288K, reserved 393216K
  class space    used 5104K, committed 5696K, reserved 327680K
}
Event: 4.387 GC heap after
{Heap after GC invocations=7 (full 0):
 garbage-first heap   total 262144K, used 32883K [0x00000000e0000000, 0x0000000100000000)
  region size 1024K, 8 young (8192K), 8 survivors (8192K)
 Metaspace       used 35106K, committed 36288K, reserved 393216K
  class space    used 5104K, committed 5696K, reserved 327680K
}
Event: 4.416 GC heap before
{Heap before GC invocations=7 (full 0):
 garbage-first heap   total 262144K, used 34931K [0x00000000e0000000, 0x0000000100000000)
  region size 1024K, 11 young (11264K), 8 survivors (8192K)
 Metaspace       used 35420K, committed 36608K, reserved 393216K
  class space    used 5164K, committed 5760K, reserved 327680K
}
Event: 4.419 GC heap after
{Heap after GC invocations=8 (full 0):
 garbage-first heap   total 262144K, used 32759K [0x00000000e0000000, 0x0000000100000000)
  region size 1024K, 8 young (8192K), 8 survivors (8192K)
 Metaspace       used 35420K, committed 36608K, reserved 393216K
  class space    used 5164K, committed 5760K, reserved 327680K
}
Event: 8.450 GC heap before
{Heap before GC invocations=9 (full 0):
 garbage-first heap   total 262144K, used 187383K [0x00000000e0000000, 0x0000000100000000)
  region size 1024K, 153 young (156672K), 8 survivors (8192K)
 Metaspace       used 49101K, committed 50816K, reserved 393216K
  class space    used 7140K, committed 8000K, reserved 327680K
}
Event: 8.464 GC heap after
{Heap after GC invocations=10 (full 0):
 garbage-first heap   total 262144K, used 44813K [0x00000000e0000000, 0x0000000100000000)
  region size 1024K, 20 young (20480K), 20 survivors (20480K)
 Metaspace       used 49101K, committed 50816K, reserved 393216K
  class space    used 7140K, committed 8000K, reserved 327680K
}
Event: 21.433 GC heap before
{Heap before GC invocations=10 (full 0):
 garbage-first heap   total 262144K, used 186125K [0x00000000e0000000, 0x0000000100000000)
  region size 1024K, 153 young (156672K), 20 survivors (20480K)
 Metaspace       used 53960K, committed 55680K, reserved 393216K
  class space    used 7706K, committed 8576K, reserved 327680K
}
Event: 21.469 GC heap after
{Heap after GC invocations=11 (full 0):
 garbage-first heap   total 262144K, used 58592K [0x00000000e0000000, 0x0000000100000000)
  region size 1024K, 12 young (12288K), 12 survivors (12288K)
 Metaspace       used 53960K, committed 55680K, reserved 393216K
  class space    used 7706K, committed 8576K, reserved 327680K
}
Event: 22.738 GC heap before
{Heap before GC invocations=11 (full 0):
 garbage-first heap   total 262144K, used 107744K [0x00000000e0000000, 0x0000000100000000)
  region size 1024K, 61 young (62464K), 12 survivors (12288K)
 Metaspace       used 59221K, committed 61120K, reserved 393216K
  class space    used 8419K, committed 9344K, reserved 327680K
}
Event: 22.746 GC heap after
{Heap after GC invocations=12 (full 0):
 garbage-first heap   total 262144K, used 61162K [0x00000000e0000000, 0x0000000100000000)
  region size 1024K, 3 young (3072K), 3 survivors (3072K)
 Metaspace       used 59221K, committed 61120K, reserved 393216K
  class space    used 8419K, committed 9344K, reserved 327680K
}
Event: 26.450 GC heap before
{Heap before GC invocations=13 (full 0):
 garbage-first heap   total 262144K, used 221930K [0x00000000e0000000, 0x0000000100000000)
  region size 1024K, 153 young (156672K), 3 survivors (3072K)
 Metaspace       used 68494K, committed 70400K, reserved 393216K
  class space    used 9657K, committed 10624K, reserved 327680K
}
Event: 26.461 GC heap after
{Heap after GC invocations=14 (full 0):
 garbage-first heap   total 262144K, used 72835K [0x00000000e0000000, 0x0000000100000000)
  region size 1024K, 15 young (15360K), 15 survivors (15360K)
 Metaspace       used 68494K, committed 70400K, reserved 393216K
  class space    used 9657K, committed 10624K, reserved 327680K
}

