# JRE version: OpenJDK Runtime Environment Temurin-21.0.10+7 (21.0.10+7) (build 21.0.10+7-LTS)
# Java VM: OpenJDK 64-Bit Server VM Temurin-21.0.10+7 (21.0.10+7-LTS, mixed mode, sharing, tiered, compressed oops, compressed class ptrs, parallel gc, windows-amd64)
GC Precious Log:
 CardTable entry size: 512
 CPUs: 12 total, 12 available
 Memory: 7518M
 Large Page Support: Disabled
 NUMA Support: Disabled
 Compressed Oops: Enabled (32-bit)
 Alignments: Space 512K, Generation 512K, Heap 2M
 Heap Min Capacity: 100M
 Heap Initial Capacity: 100M
 Heap Max Capacity: 2G
 Pre-touch: Disabled
 Parallel Workers: 10
Heap:
 PSYoungGen      total 11776K, used 11765K [0x00000000d5580000, 0x00000000d6280000, 0x0000000100000000)
  eden space 11264K, 100% used [0x00000000d5580000,0x00000000d6080000,0x00000000d6080000)
  from space 512K, 97% used [0x00000000d6100000,0x00000000d617d6d8,0x00000000d6180000)
  to   space 1024K, 99% used [0x00000000d6180000,0x00000000d627efb0,0x00000000d6280000)
 ParOldGen       total 79872K, used 79866K [0x0000000080000000, 0x0000000084e00000, 0x00000000d5580000)
  object space 79872K, 99% used [0x0000000080000000,0x0000000084dfeaa0,0x0000000084e00000)
 Metaspace       used 82816K, committed 84480K, reserved 1179648K
  class space    used 10496K, committed 11200K, reserved 1048576K
GC Heap History (20 events):
Event: 93.622 GC heap after
{Heap after GC invocations=93 (full 3):
 PSYoungGen      total 11776K, used 448K [0x00000000d5580000, 0x00000000d6200000, 0x0000000100000000)
  eden space 11264K, 0% used [0x00000000d5580000,0x00000000d5580000,0x00000000d6080000)
  from space 512K, 87% used [0x00000000d6180000,0x00000000d61f0000,0x00000000d6200000)
  to   space 512K, 0% used [0x00000000d6100000,0x00000000d6100000,0x00000000d6180000)
 ParOldGen       total 77824K, used 77478K [0x0000000080000000, 0x0000000084c00000, 0x00000000d5580000)
  object space 77824K, 99% used [0x0000000080000000,0x0000000084ba9b78,0x0000000084c00000)
 Metaspace       used 80703K, committed 82304K, reserved 1179648K
  class space    used 10272K, committed 10944K, reserved 1048576K
}
Event: 94.761 GC heap before
{Heap before GC invocations=94 (full 3):
 PSYoungGen      total 11776K, used 11712K [0x00000000d5580000, 0x00000000d6200000, 0x0000000100000000)
  eden space 11264K, 100% used [0x00000000d5580000,0x00000000d6080000,0x00000000d6080000)
  from space 512K, 87% used [0x00000000d6180000,0x00000000d61f0000,0x00000000d6200000)
  to   space 512K, 0% used [0x00000000d6100000,0x00000000d6100000,0x00000000d6180000)
 ParOldGen       total 77824K, used 77478K [0x0000000080000000, 0x0000000084c00000, 0x00000000d5580000)
  object space 77824K, 99% used [0x0000000080000000,0x0000000084ba9b78,0x0000000084c00000)
 Metaspace       used 80703K, committed 82304K, reserved 1179648K
  class space    used 10272K, committed 10944K, reserved 1048576K
}
Event: 94.762 GC heap after
{Heap after GC invocations=94 (full 3):
 PSYoungGen      total 11776K, used 256K [0x00000000d5580000, 0x00000000d6200000, 0x0000000100000000)
  eden space 11264K, 0% used [0x00000000d5580000,0x00000000d5580000,0x00000000d6080000)
  from space 512K, 50% used [0x00000000d6100000,0x00000000d6140000,0x00000000d6180000)
  to   space 512K, 0% used [0x00000000d6180000,0x00000000d6180000,0x00000000d6200000)
 ParOldGen       total 77824K, used 77790K [0x0000000080000000, 0x0000000084c00000, 0x00000000d5580000)
  object space 77824K, 99% used [0x0000000080000000,0x0000000084bf7ba8,0x0000000084c00000)
 Metaspace       used 80703K, committed 82304K, reserved 1179648K
  class space    used 10272K, committed 10944K, reserved 1048576K
}
Event: 94.862 GC heap before
{Heap before GC invocations=95 (full 3):
 PSYoungGen      total 11776K, used 11520K [0x00000000d5580000, 0x00000000d6200000, 0x0000000100000000)
  eden space 11264K, 100% used [0x00000000d5580000,0x00000000d6080000,0x00000000d6080000)
  from space 512K, 50% used [0x00000000d6100000,0x00000000d6140000,0x00000000d6180000)
  to   space 512K, 0% used [0x00000000d6180000,0x00000000d6180000,0x00000000d6200000)
 ParOldGen       total 77824K, used 77790K [0x0000000080000000, 0x0000000084c00000, 0x00000000d5580000)
  object space 77824K, 99% used [0x0000000080000000,0x0000000084bf7ba8,0x0000000084c00000)
 Metaspace       used 80703K, committed 82304K, reserved 1179648K
  class space    used 10272K, committed 10944K, reserved 1048576K
}
Event: 94.863 GC heap after
{Heap after GC invocations=95 (full 3):
 PSYoungGen      total 11776K, used 96K [0x00000000d5580000, 0x00000000d6200000, 0x0000000100000000)
  eden space 11264K, 0% used [0x00000000d5580000,0x00000000d5580000,0x00000000d6080000)
  from space 512K, 18% used [0x00000000d6180000,0x00000000d6198000,0x00000000d6200000)
  to   space 512K, 0% used [0x00000000d6100000,0x00000000d6100000,0x00000000d6180000)
 ParOldGen       total 78336K, used 77830K [0x0000000080000000, 0x0000000084c80000, 0x00000000d5580000)
  object space 78336K, 99% used [0x0000000080000000,0x0000000084c01ba8,0x0000000084c80000)
 Metaspace       used 80703K, committed 82304K, reserved 1179648K
  class space    used 10272K, committed 10944K, reserved 1048576K
}
Event: 95.327 GC heap before
{Heap before GC invocations=96 (full 3):
 PSYoungGen      total 11776K, used 11360K [0x00000000d5580000, 0x00000000d6200000, 0x0000000100000000)
  eden space 11264K, 100% used [0x00000000d5580000,0x00000000d6080000,0x00000000d6080000)
  from space 512K, 18% used [0x00000000d6180000,0x00000000d6198000,0x00000000d6200000)
  to   space 512K, 0% used [0x00000000d6100000,0x00000000d6100000,0x00000000d6180000)
 ParOldGen       total 78336K, used 77830K [0x0000000080000000, 0x0000000084c80000, 0x00000000d5580000)
  object space 78336K, 99% used [0x0000000080000000,0x0000000084c01ba8,0x0000000084c80000)
 Metaspace       used 80703K, committed 82304K, reserved 1179648K
  class space    used 10272K, committed 10944K, reserved 1048576K
}
Event: 95.327 GC heap after
{Heap after GC invocations=96 (full 3):
 PSYoungGen      total 11776K, used 192K [0x00000000d5580000, 0x00000000d6200000, 0x0000000100000000)
  eden space 11264K, 0% used [0x00000000d5580000,0x00000000d5580000,0x00000000d6080000)
  from space 512K, 37% used [0x00000000d6100000,0x00000000d6130000,0x00000000d6180000)
  to   space 512K, 0% used [0x00000000d6180000,0x00000000d6180000,0x00000000d6200000)
 ParOldGen       total 78336K, used 77830K [0x0000000080000000, 0x0000000084c80000, 0x00000000d5580000)
  object space 78336K, 99% used [0x0000000080000000,0x0000000084c01ba8,0x0000000084c80000)
 Metaspace       used 80703K, committed 82304K, reserved 1179648K
  class space    used 10272K, committed 10944K, reserved 1048576K
}
Event: 97.421 GC heap before
{Heap before GC invocations=97 (full 3):
 PSYoungGen      total 11776K, used 11456K [0x00000000d5580000, 0x00000000d6200000, 0x0000000100000000)
  eden space 11264K, 100% used [0x00000000d5580000,0x00000000d6080000,0x00000000d6080000)
  from space 512K, 37% used [0x00000000d6100000,0x00000000d6130000,0x00000000d6180000)
  to   space 512K, 0% used [0x00000000d6180000,0x00000000d6180000,0x00000000d6200000)
 ParOldGen       total 78336K, used 77830K [0x0000000080000000, 0x0000000084c80000, 0x00000000d5580000)
  object space 78336K, 99% used [0x0000000080000000,0x0000000084c01ba8,0x0000000084c80000)
 Metaspace       used 80727K, committed 82304K, reserved 1179648K
  class space    used 10273K, committed 10944K, reserved 1048576K
}
Event: 97.464 GC heap after
{Heap after GC invocations=97 (full 3):
 PSYoungGen      total 11776K, used 320K [0x00000000d5580000, 0x00000000d6200000, 0x0000000100000000)
  eden space 11264K, 0% used [0x00000000d5580000,0x00000000d5580000,0x00000000d6080000)
  from space 512K, 62% used [0x00000000d6180000,0x00000000d61d0010,0x00000000d6200000)
  to   space 512K, 0% used [0x00000000d6100000,0x00000000d6100000,0x00000000d6180000)
 ParOldGen       total 78336K, used 77846K [0x0000000080000000, 0x0000000084c80000, 0x00000000d5580000)
  object space 78336K, 99% used [0x0000000080000000,0x0000000084c05ba8,0x0000000084c80000)
 Metaspace       used 80727K, committed 82304K, reserved 1179648K
  class space    used 10273K, committed 10944K, reserved 1048576K
}
Event: 100.213 GC heap before
{Heap before GC invocations=98 (full 3):
 PSYoungGen      total 11776K, used 11584K [0x00000000d5580000, 0x00000000d6200000, 0x0000000100000000)
  eden space 11264K, 100% used [0x00000000d5580000,0x00000000d6080000,0x00000000d6080000)
  from space 512K, 62% used [0x00000000d6180000,0x00000000d61d0010,0x00000000d6200000)
  to   space 512K, 0% used [0x00000000d6100000,0x00000000d6100000,0x00000000d6180000)
 ParOldGen       total 78336K, used 77846K [0x0000000080000000, 0x0000000084c80000, 0x00000000d5580000)
  object space 78336K, 99% used [0x0000000080000000,0x0000000084c05ba8,0x0000000084c80000)
 Metaspace       used 80855K, committed 82432K, reserved 1179648K
  class space    used 10281K, committed 10944K, reserved 1048576K
}
Event: 100.216 GC heap after
{Heap after GC invocations=98 (full 3):
 PSYoungGen      total 11776K, used 501K [0x00000000d5580000, 0x00000000d6280000, 0x0000000100000000)
  eden space 11264K, 0% used [0x00000000d5580000,0x00000000d5580000,0x00000000d6080000)
  from space 512K, 97% used [0x00000000d6100000,0x00000000d617d510,0x00000000d6180000)
  to   space 1024K, 0% used [0x00000000d6180000,0x00000000d6180000,0x00000000d6280000)
 ParOldGen       total 78336K, used 78142K [0x0000000080000000, 0x0000000084c80000, 0x00000000d5580000)
  object space 78336K, 99% used [0x0000000080000000,0x0000000084c4fbb8,0x0000000084c80000)
 Metaspace       used 80855K, committed 82432K, reserved 1179648K
  class space    used 10281K, committed 10944K, reserved 1048576K
}
Event: 100.333 GC heap before
{Heap before GC invocations=99 (full 3):
 PSYoungGen      total 11776K, used 11757K [0x00000000d5580000, 0x00000000d6280000, 0x0000000100000000)
  eden space 11264K, 99% used [0x00000000d5580000,0x00000000d607e1e0,0x00000000d6080000)
  from space 512K, 97% used [0x00000000d6100000,0x00000000d617d510,0x00000000d6180000)
  to   space 1024K, 0% used [0x00000000d6180000,0x00000000d6180000,0x00000000d6280000)
 ParOldGen       total 78336K, used 78142K [0x0000000080000000, 0x0000000084c80000, 0x00000000d5580000)
  object space 78336K, 99% used [0x0000000080000000,0x0000000084c4fbb8,0x0000000084c80000)
 Metaspace       used 80994K, committed 82560K, reserved 1179648K
  class space    used 10297K, committed 10944K, reserved 1048576K
}
Event: 100.335 GC heap after
{Heap after GC invocations=99 (full 3):
 PSYoungGen      total 11776K, used 320K [0x00000000d5580000, 0x00000000d6200000, 0x0000000100000000)
  eden space 11264K, 0% used [0x00000000d5580000,0x00000000d5580000,0x00000000d6080000)
  from space 512K, 62% used [0x00000000d6180000,0x00000000d61d0000,0x00000000d6200000)
  to   space 512K, 0% used [0x00000000d6100000,0x00000000d6100000,0x00000000d6180000)
 ParOldGen       total 78848K, used 78374K [0x0000000080000000, 0x0000000084d00000, 0x00000000d5580000)
  object space 78848K, 99% used [0x0000000080000000,0x0000000084c89bc8,0x0000000084d00000)
 Metaspace       used 80994K, committed 82560K, reserved 1179648K
  class space    used 10297K, committed 10944K, reserved 1048576K
}
Event: 100.491 GC heap before
{Heap before GC invocations=100 (full 3):
 PSYoungGen      total 11776K, used 11584K [0x00000000d5580000, 0x00000000d6200000, 0x0000000100000000)
  eden space 11264K, 100% used [0x00000000d5580000,0x00000000d6080000,0x00000000d6080000)
  from space 512K, 62% used [0x00000000d6180000,0x00000000d61d0000,0x00000000d6200000)
  to   space 512K, 0% used [0x00000000d6100000,0x00000000d6100000,0x00000000d6180000)
 ParOldGen       total 78848K, used 78374K [0x0000000080000000, 0x0000000084d00000, 0x00000000d5580000)
  object space 78848K, 99% used [0x0000000080000000,0x0000000084c89bc8,0x0000000084d00000)
 Metaspace       used 81177K, committed 82816K, reserved 1179648K
  class space    used 10320K, committed 11008K, reserved 1048576K
}
Event: 100.492 GC heap after
{Heap after GC invocations=100 (full 3):
 PSYoungGen      total 11776K, used 352K [0x00000000d5580000, 0x00000000d6200000, 0x0000000100000000)
  eden space 11264K, 0% used [0x00000000d5580000,0x00000000d5580000,0x00000000d6080000)
  from space 512K, 68% used [0x00000000d6100000,0x00000000d6158000,0x00000000d6180000)
  to   space 512K, 0% used [0x00000000d6180000,0x00000000d6180000,0x00000000d6200000)
 ParOldGen       total 78848K, used 78479K [0x0000000080000000, 0x0000000084d00000, 0x00000000d5580000)
  object space 78848K, 99% used [0x0000000080000000,0x0000000084ca3d70,0x0000000084d00000)
 Metaspace       used 81177K, committed 82816K, reserved 1179648K
  class space    used 10320K, committed 11008K, reserved 1048576K
}
Event: 100.632 GC heap before
{Heap before GC invocations=101 (full 3):
 PSYoungGen      total 11776K, used 11615K [0x00000000d5580000, 0x00000000d6200000, 0x0000000100000000)
  eden space 11264K, 99% used [0x00000000d5580000,0x00000000d607ffb8,0x00000000d6080000)
  from space 512K, 68% used [0x00000000d6100000,0x00000000d6158000,0x00000000d6180000)
  to   space 512K, 0% used [0x00000000d6180000,0x00000000d6180000,0x00000000d6200000)
 ParOldGen       total 78848K, used 78479K [0x0000000080000000, 0x0000000084d00000, 0x00000000d5580000)
  object space 78848K, 99% used [0x0000000080000000,0x0000000084ca3d70,0x0000000084d00000)
 Metaspace       used 81566K, committed 83264K, reserved 1179648K
  class space    used 10372K, committed 11072K, reserved 1048576K
}
Event: 100.633 GC heap after
{Heap after GC invocations=101 (full 3):
 PSYoungGen      total 11776K, used 384K [0x00000000d5580000, 0x00000000d6200000, 0x0000000100000000)
  eden space 11264K, 0% used [0x00000000d5580000,0x00000000d5580000,0x00000000d6080000)
  from space 512K, 75% used [0x00000000d6180000,0x00000000d61e0000,0x00000000d6200000)
  to   space 512K, 0% used [0x00000000d6100000,0x00000000d6100000,0x00000000d6180000)
 ParOldGen       total 78848K, used 78553K [0x0000000080000000, 0x0000000084d00000, 0x00000000d5580000)
  object space 78848K, 99% used [0x0000000080000000,0x0000000084cb6488,0x0000000084d00000)
 Metaspace       used 81566K, committed 83264K, reserved 1179648K
  class space    used 10372K, committed 11072K, reserved 1048576K
}
Event: 100.857 GC heap before
{Heap before GC invocations=102 (full 3):
 PSYoungGen      total 11776K, used 11629K [0x00000000d5580000, 0x00000000d6200000, 0x0000000100000000)
  eden space 11264K, 99% used [0x00000000d5580000,0x00000000d607b7d0,0x00000000d6080000)
  from space 512K, 75% used [0x00000000d6180000,0x00000000d61e0000,0x00000000d6200000)
  to   space 512K, 0% used [0x00000000d6100000,0x00000000d6100000,0x00000000d6180000)
 ParOldGen       total 78848K, used 78553K [0x0000000080000000, 0x0000000084d00000, 0x00000000d5580000)
  object space 78848K, 99% used [0x0000000080000000,0x0000000084cb6488,0x0000000084d00000)
 Metaspace       used 82705K, committed 84352K, reserved 1179648K
  class space    used 10488K, committed 11200K, reserved 1048576K
}
Event: 100.858 GC heap after
{Heap after GC invocations=102 (full 3):
 PSYoungGen      total 11776K, used 501K [0x00000000d5580000, 0x00000000d6280000, 0x0000000100000000)
  eden space 11264K, 0% used [0x00000000d5580000,0x00000000d5580000,0x00000000d6080000)
  from space 512K, 97% used [0x00000000d6100000,0x00000000d617d6d8,0x00000000d6180000)
  to   space 1024K, 0% used [0x00000000d6180000,0x00000000d6180000,0x00000000d6280000)
 ParOldGen       total 78848K, used 78828K [0x0000000080000000, 0x0000000084d00000, 0x00000000d5580000)
  object space 78848K, 99% used [0x0000000080000000,0x0000000084cfb3f8,0x0000000084d00000)
 Metaspace       used 82705K, committed 84352K, reserved 1179648K
  class space    used 10488K, committed 11200K, reserved 1048576K
}
Event: 101.944 GC heap before
{Heap before GC invocations=103 (full 3):
 PSYoungGen      total 11776K, used 11765K [0x00000000d5580000, 0x00000000d6280000, 0x0000000100000000)
  eden space 11264K, 100% used [0x00000000d5580000,0x00000000d6080000,0x00000000d6080000)
  from space 512K, 97% used [0x00000000d6100000,0x00000000d617d6d8,0x00000000d6180000)
  to   space 1024K, 0% used [0x00000000d6180000,0x00000000d6180000,0x00000000d6280000)
 ParOldGen       total 79872K, used 79538K [0x0000000080000000, 0x0000000084e00000, 0x00000000d5580000)
  object space 79872K, 99% used [0x0000000080000000,0x0000000084dac8f0,0x0000000084e00000)
 Metaspace       used 82816K, committed 84480K, reserved 1179648K
  class space    used 10496K, committed 11200K, reserved 1048576K
}

